Using pre-set license
Built from '2020.3/staging' branch; Version is '2020.3.8f1 (507919d4fff5) revision 5273881'; Using compiler version '192528614'; Build Type 'Release'
OS: 'Windows 10 Enterprise; OS build 18363.1556; Version 1909; 64bit' Language: 'en' Physical Memory: 16334 MB
BatchMode: 1, IsHumanControllingUs: 0, StartBugReporterOnCrash: 0, Is64bit: 1, IsPro: 0

 COMMAND LINE ARGUMENTS:
D:\UnityEditor\2020.3.8f1\Editor\Unity.exe
-adb2
-batchMode
-noUpm
-name
AssetImportWorker0
-projectPath
F:/Unity Projects/JumJump
-logFile
Logs/AssetImportWorker0.log
-srvPort
50610
Successfully changed project path to: F:/Unity Projects/JumJump
F:/Unity Projects/JumJump
Using Asset Import Pipeline V2.
Refreshing native plugins compatible for Editor in 52.89 ms, found 1 plugins.
Preloading 0 native plugins for Editor in 0.00 ms.
Initialize engine version: 2020.3.8f1 (507919d4fff5)
[Subsystems] Discovering subsystems at path D:/UnityEditor/2020.3.8f1/Editor/Data/Resources/UnitySubsystems
[Subsystems] Discovering subsystems at path F:/Unity Projects/JumJump/Assets
GfxDevice: creating device client; threaded=0
Direct3D:
    Version:  Direct3D 11.0 [level 11.1]
    Renderer: NVIDIA GeForce GTX 1060 6GB (ID=0x1c03)
    Vendor:   
    VRAM:     6052 MB
    Driver:   27.21.14.6627
Initialize mono
Mono path[0] = 'D:/UnityEditor/2020.3.8f1/Editor/Data/Managed'
Mono path[1] = 'D:/UnityEditor/2020.3.8f1/Editor/Data/MonoBleedingEdge/lib/mono/unityjit'
Mono config path = 'D:/UnityEditor/2020.3.8f1/Editor/Data/MonoBleedingEdge/etc'
Using monoOptions --debugger-agent=transport=dt_socket,embedding=1,server=y,suspend=n,address=127.0.0.1:56172
Begin MonoManager ReloadAssembly
Registering precompiled unity dll's ...
Register platform support module: D:/UnityEditor/2020.3.8f1/Editor/Data/PlaybackEngines/WindowsStandaloneSupport/UnityEditor.WindowsStandalone.Extensions.dll
Registered in 0.001294 seconds.
Native extension for WindowsStandalone target not found
Refreshing native plugins compatible for Editor in 61.88 ms, found 1 plugins.
Preloading 0 native plugins for Editor in 0.00 ms.
Mono: successfully reloaded assembly
- Completed reload, in  1.885 seconds
Platform modules already initialized, skipping
Registering precompiled user dll's ...
Registered in 0.002118 seconds.
Begin MonoManager ReloadAssembly
Native extension for WindowsStandalone target not found
Refreshing native plugins compatible for Editor in 61.22 ms, found 1 plugins.
Preloading 0 native plugins for Editor in 0.00 ms.
Mono: successfully reloaded assembly
- Completed reload, in  1.037 seconds
Platform modules already initialized, skipping
========================================================================
Worker process is ready to serve import requests
Shader 'Universal Render Pipeline/Particles/Lit': fallback shader 'Universal Render Pipeline/Particles/SimpleLit' not found
Shader 'Universal Render Pipeline/Particles/Lit': fallback shader 'Universal Render Pipeline/Particles/SimpleLit' not found
Launched and connected shader compiler UnityShaderCompiler.exe after 0.03 seconds
Refreshing native plugins compatible for Editor in 0.55 ms, found 1 plugins.
Preloading 0 native plugins for Editor in 0.00 ms.
Unloading 3326 Unused Serialized files (Serialized files now loaded: 0)
System memory in use before: 148.2 MB.
System memory in use after: 144.0 MB.

Unloading 85 unused Assets to reduce memory usage. Loaded Objects now: 3707.
Total: 3.834200 ms (FindLiveObjects: 0.306000 ms CreateObjectMapping: 0.086800 ms MarkObjects: 2.094700 ms  DeleteObjects: 1.345400 ms)

========================================================================
Received Import Request.
  path: Assets/Settings/2D Renderer.asset
  artifactKey: Guid(1fd03ad8f24c39e43a049aa3862a1bdc) Importer(815301076,1909f56bfc062723c751e8b465ee728b)
Start importing Assets/Settings/2D Renderer.asset using Guid(1fd03ad8f24c39e43a049aa3862a1bdc) Importer(815301076,1909f56bfc062723c751e8b465ee728b)  -> (artifact id: '8166136fc1bdbb7bacf4bf5aef68e8f3') in 0.025388 seconds
  Import took 0.029882 seconds .

========================================================================
Received Import Request.
  Time since last request: 0.000157 seconds.
  path: Assets/Settings/UniversalRenderPipelineAsset.asset
  artifactKey: Guid(2fa860fca298d334c99791a8d6abd935) Importer(815301076,1909f56bfc062723c751e8b465ee728b)
Start importing Assets/Settings/UniversalRenderPipelineAsset.asset using Guid(2fa860fca298d334c99791a8d6abd935) Importer(815301076,1909f56bfc062723c751e8b465ee728b)  -> (artifact id: '0d31abec593081df3cb4f94b8899c299') in 0.007042 seconds
  Import took 0.011530 seconds .

========================================================================
Received Import Request.
  Time since last request: 23.963027 seconds.
  path: Assets/Shaders/Wave.mat
  artifactKey: Guid(18a197deae127874fb0e8d84d6f5399c) Importer(815301076,1909f56bfc062723c751e8b465ee728b)
Start importing Assets/Shaders/Wave.mat using Guid(18a197deae127874fb0e8d84d6f5399c) Importer(815301076,1909f56bfc062723c751e8b465ee728b)  -> (artifact id: '4293cf0ebf814ad5a271981b5caf7fc4') in 0.275280 seconds
  Import took 0.279877 seconds .

========================================================================
Received Import Request.
  Time since last request: 100.829173 seconds.
  path: Assets/Scripts/PlayerManager.cs
  artifactKey: Guid(a8638a83d28720a4fbc7ea872e9096d8) Importer(815301076,1909f56bfc062723c751e8b465ee728b)
Start importing Assets/Scripts/PlayerManager.cs using Guid(a8638a83d28720a4fbc7ea872e9096d8) Importer(815301076,1909f56bfc062723c751e8b465ee728b)  -> (artifact id: 'eccc1cdedc0cfdac3cc34471c53a7a83') in 0.036224 seconds
  Import took 0.040951 seconds .

========================================================================
Received Prepare
Registering precompiled user dll's ...
Registered in 0.001838 seconds.
Begin MonoManager ReloadAssembly
Native extension for WindowsStandalone target not found
Refreshing native plugins compatible for Editor in 0.57 ms, found 1 plugins.
Preloading 0 native plugins for Editor in 0.00 ms.
Mono: successfully reloaded assembly
- Completed reload, in  0.826 seconds
Platform modules already initialized, skipping
Shader 'Universal Render Pipeline/Particles/Lit': fallback shader 'Universal Render Pipeline/Particles/SimpleLit' not found
Shader 'Universal Render Pipeline/Particles/Lit': fallback shader 'Universal Render Pipeline/Particles/SimpleLit' not found
Refreshing native plugins compatible for Editor in 0.62 ms, found 1 plugins.
Preloading 0 native plugins for Editor in 0.00 ms.
Unloading 3243 Unused Serialized files (Serialized files now loaded: 0)
System memory in use before: 149.2 MB.
System memory in use after: 145.0 MB.

Unloading 74 unused Assets to reduce memory usage. Loaded Objects now: 3789.
Total: 3.511600 ms (FindLiveObjects: 0.282900 ms CreateObjectMapping: 0.083900 ms MarkObjects: 1.773700 ms  DeleteObjects: 1.369900 ms)

========================================================================
Received Prepare
Registering precompiled user dll's ...
Registered in 0.001863 seconds.
Begin MonoManager ReloadAssembly
Native extension for WindowsStandalone target not found
Refreshing native plugins compatible for Editor in 0.55 ms, found 1 plugins.
Preloading 0 native plugins for Editor in 0.00 ms.
Mono: successfully reloaded assembly
- Completed reload, in  0.799 seconds
Platform modules already initialized, skipping
Shader 'Universal Render Pipeline/Particles/Lit': fallback shader 'Universal Render Pipeline/Particles/SimpleLit' not found
Shader 'Universal Render Pipeline/Particles/Lit': fallback shader 'Universal Render Pipeline/Particles/SimpleLit' not found
Refreshing native plugins compatible for Editor in 0.58 ms, found 1 plugins.
Preloading 0 native plugins for Editor in 0.00 ms.
Unloading 3241 Unused Serialized files (Serialized files now loaded: 0)
System memory in use before: 149.2 MB.
System memory in use after: 145.0 MB.

Unloading 74 unused Assets to reduce memory usage. Loaded Objects now: 3792.
Total: 3.642600 ms (FindLiveObjects: 0.298800 ms CreateObjectMapping: 0.081300 ms MarkObjects: 1.806900 ms  DeleteObjects: 1.454400 ms)

========================================================================
Received Prepare
Registering precompiled user dll's ...
Registered in 0.002036 seconds.
Begin MonoManager ReloadAssembly
Native extension for WindowsStandalone target not found
Refreshing native plugins compatible for Editor in 0.56 ms, found 1 plugins.
Preloading 0 native plugins for Editor in 0.00 ms.
Mono: successfully reloaded assembly
- Completed reload, in  0.823 seconds
Platform modules already initialized, skipping
Shader 'Universal Render Pipeline/Particles/Lit': fallback shader 'Universal Render Pipeline/Particles/SimpleLit' not found
Shader 'Universal Render Pipeline/Particles/Lit': fallback shader 'Universal Render Pipeline/Particles/SimpleLit' not found
Refreshing native plugins compatible for Editor in 0.61 ms, found 1 plugins.
Preloading 0 native plugins for Editor in 0.00 ms.
Unloading 3241 Unused Serialized files (Serialized files now loaded: 0)
System memory in use before: 149.2 MB.
System memory in use after: 145.0 MB.

Unloading 74 unused Assets to reduce memory usage. Loaded Objects now: 3795.
Total: 3.676800 ms (FindLiveObjects: 0.288800 ms CreateObjectMapping: 0.082900 ms MarkObjects: 1.834600 ms  DeleteObjects: 1.469600 ms)

========================================================================
Received Prepare
Registering precompiled user dll's ...
Registered in 0.001755 seconds.
Begin MonoManager ReloadAssembly
Native extension for WindowsStandalone target not found
Refreshing native plugins compatible for Editor in 0.58 ms, found 1 plugins.
Preloading 0 native plugins for Editor in 0.00 ms.
Mono: successfully reloaded assembly
- Completed reload, in  0.799 seconds
Platform modules already initialized, skipping
Shader 'Universal Render Pipeline/Particles/Lit': fallback shader 'Universal Render Pipeline/Particles/SimpleLit' not found
Shader 'Universal Render Pipeline/Particles/Lit': fallback shader 'Universal Render Pipeline/Particles/SimpleLit' not found
Refreshing native plugins compatible for Editor in 0.62 ms, found 1 plugins.
Preloading 0 native plugins for Editor in 0.00 ms.
Unloading 3241 Unused Serialized files (Serialized files now loaded: 0)
System memory in use before: 149.2 MB.
System memory in use after: 145.1 MB.

Unloading 74 unused Assets to reduce memory usage. Loaded Objects now: 3798.
Total: 3.616100 ms (FindLiveObjects: 0.281400 ms CreateObjectMapping: 0.088900 ms MarkObjects: 1.763600 ms  DeleteObjects: 1.481100 ms)

========================================================================
Received Prepare
Registering precompiled user dll's ...
Registered in 0.001783 seconds.
Begin MonoManager ReloadAssembly
Native extension for WindowsStandalone target not found
Refreshing native plugins compatible for Editor in 0.57 ms, found 1 plugins.
Preloading 0 native plugins for Editor in 0.00 ms.
Mono: successfully reloaded assembly
- Completed reload, in  0.815 seconds
Platform modules already initialized, skipping
Shader 'Universal Render Pipeline/Particles/Lit': fallback shader 'Universal Render Pipeline/Particles/SimpleLit' not found
Shader 'Universal Render Pipeline/Particles/Lit': fallback shader 'Universal Render Pipeline/Particles/SimpleLit' not found
Refreshing native plugins compatible for Editor in 0.58 ms, found 1 plugins.
Preloading 0 native plugins for Editor in 0.00 ms.
Unloading 3241 Unused Serialized files (Serialized files now loaded: 0)
System memory in use before: 149.2 MB.
System memory in use after: 145.1 MB.

Unloading 74 unused Assets to reduce memory usage. Loaded Objects now: 3801.
Total: 3.717700 ms (FindLiveObjects: 0.282100 ms CreateObjectMapping: 0.081200 ms MarkObjects: 1.834500 ms  DeleteObjects: 1.518800 ms)

========================================================================
Received Import Request.
  Time since last request: 342.252536 seconds.
  path: Assets
  artifactKey: Guid(00000000000000001000000000000000) Importer(815301076,1909f56bfc062723c751e8b465ee728b)
Start importing Assets using Guid(00000000000000001000000000000000) Importer(815301076,1909f56bfc062723c751e8b465ee728b)  -> (artifact id: '42d402b061de3733987d63b9cc3b64de') in 0.008283 seconds
  Import took 0.012886 seconds .

========================================================================
Received Import Request.
  Time since last request: 5.532840 seconds.
  path: Assets/Test.guiskin
  artifactKey: Guid(90a0d95014ca4d741802c7efb0a66d9a) Importer(815301076,1909f56bfc062723c751e8b465ee728b)
Start importing Assets/Test.guiskin using Guid(90a0d95014ca4d741802c7efb0a66d9a) Importer(815301076,1909f56bfc062723c751e8b465ee728b)  -> (artifact id: 'c52b81ac249e687856b85c9cbf970885') in 0.022918 seconds
  Import took 0.027368 seconds .

========================================================================
Received Prepare
Registering precompiled user dll's ...
Registered in 0.001946 seconds.
Begin MonoManager ReloadAssembly
Native extension for WindowsStandalone target not found
Refreshing native plugins compatible for Editor in 0.59 ms, found 1 plugins.
Preloading 0 native plugins for Editor in 0.00 ms.
Mono: successfully reloaded assembly
- Completed reload, in  0.804 seconds
Platform modules already initialized, skipping
Shader 'Universal Render Pipeline/Particles/Lit': fallback shader 'Universal Render Pipeline/Particles/SimpleLit' not found
Shader 'Universal Render Pipeline/Particles/Lit': fallback shader 'Universal Render Pipeline/Particles/SimpleLit' not found
Refreshing native plugins compatible for Editor in 0.56 ms, found 1 plugins.
Preloading 0 native plugins for Editor in 0.00 ms.
Unloading 3241 Unused Serialized files (Serialized files now loaded: 0)
System memory in use before: 149.3 MB.
System memory in use after: 145.2 MB.

Unloading 74 unused Assets to reduce memory usage. Loaded Objects now: 3806.
Total: 4.223700 ms (FindLiveObjects: 0.335400 ms CreateObjectMapping: 0.083200 ms MarkObjects: 2.239600 ms  DeleteObjects: 1.564100 ms)

========================================================================
Received Prepare
Registering precompiled user dll's ...
Registered in 0.001893 seconds.
Begin MonoManager ReloadAssembly
Native extension for WindowsStandalone target not found
Refreshing native plugins compatible for Editor in 0.57 ms, found 1 plugins.
Preloading 0 native plugins for Editor in 0.00 ms.
Mono: successfully reloaded assembly
- Completed reload, in  0.801 seconds
Platform modules already initialized, skipping
Shader 'Universal Render Pipeline/Particles/Lit': fallback shader 'Universal Render Pipeline/Particles/SimpleLit' not found
Shader 'Universal Render Pipeline/Particles/Lit': fallback shader 'Universal Render Pipeline/Particles/SimpleLit' not found
Refreshing native plugins compatible for Editor in 0.58 ms, found 1 plugins.
Preloading 0 native plugins for Editor in 0.00 ms.
Unloading 3241 Unused Serialized files (Serialized files now loaded: 0)
System memory in use before: 149.3 MB.
System memory in use after: 145.2 MB.

Unloading 74 unused Assets to reduce memory usage. Loaded Objects now: 3809.
Total: 3.870000 ms (FindLiveObjects: 0.309200 ms CreateObjectMapping: 0.085200 ms MarkObjects: 1.906800 ms  DeleteObjects: 1.567900 ms)

========================================================================
Received Prepare
Registering precompiled user dll's ...
Registered in 0.001848 seconds.
Begin MonoManager ReloadAssembly
Native extension for WindowsStandalone target not found
Refreshing native plugins compatible for Editor in 0.56 ms, found 1 plugins.
Preloading 0 native plugins for Editor in 0.00 ms.
Mono: successfully reloaded assembly
- Completed reload, in  0.794 seconds
Platform modules already initialized, skipping
Shader 'Universal Render Pipeline/Particles/Lit': fallback shader 'Universal Render Pipeline/Particles/SimpleLit' not found
Shader 'Universal Render Pipeline/Particles/Lit': fallback shader 'Universal Render Pipeline/Particles/SimpleLit' not found
Refreshing native plugins compatible for Editor in 0.60 ms, found 1 plugins.
Preloading 0 native plugins for Editor in 0.00 ms.
Unloading 3241 Unused Serialized files (Serialized files now loaded: 0)
System memory in use before: 149.4 MB.
System memory in use after: 145.2 MB.

Unloading 74 unused Assets to reduce memory usage. Loaded Objects now: 3812.
Total: 3.969700 ms (FindLiveObjects: 0.315400 ms CreateObjectMapping: 0.083000 ms MarkObjects: 1.820100 ms  DeleteObjects: 1.749900 ms)

========================================================================
Received Prepare
Registering precompiled user dll's ...
Registered in 0.001862 seconds.
Begin MonoManager ReloadAssembly
Native extension for WindowsStandalone target not found
Refreshing native plugins compatible for Editor in 0.57 ms, found 1 plugins.
Preloading 0 native plugins for Editor in 0.00 ms.
Mono: successfully reloaded assembly
- Completed reload, in  0.795 seconds
Platform modules already initialized, skipping
Shader 'Universal Render Pipeline/Particles/Lit': fallback shader 'Universal Render Pipeline/Particles/SimpleLit' not found
Shader 'Universal Render Pipeline/Particles/Lit': fallback shader 'Universal Render Pipeline/Particles/SimpleLit' not found
Refreshing native plugins compatible for Editor in 0.58 ms, found 1 plugins.
Preloading 0 native plugins for Editor in 0.00 ms.
Unloading 3241 Unused Serialized files (Serialized files now loaded: 0)
System memory in use before: 149.4 MB.
System memory in use after: 145.2 MB.

Unloading 74 unused Assets to reduce memory usage. Loaded Objects now: 3815.
Total: 3.907600 ms (FindLiveObjects: 0.309300 ms CreateObjectMapping: 0.098500 ms MarkObjects: 1.952700 ms  DeleteObjects: 1.546000 ms)

========================================================================
Received Prepare
Registering precompiled user dll's ...
Registered in 0.001819 seconds.
Begin MonoManager ReloadAssembly
Native extension for WindowsStandalone target not found
Refreshing native plugins compatible for Editor in 0.56 ms, found 1 plugins.
Preloading 0 native plugins for Editor in 0.00 ms.
Mono: successfully reloaded assembly
- Completed reload, in  0.798 seconds
Platform modules already initialized, skipping
Shader 'Universal Render Pipeline/Particles/Lit': fallback shader 'Universal Render Pipeline/Particles/SimpleLit' not found
Shader 'Universal Render Pipeline/Particles/Lit': fallback shader 'Universal Render Pipeline/Particles/SimpleLit' not found
Refreshing native plugins compatible for Editor in 0.60 ms, found 1 plugins.
Preloading 0 native plugins for Editor in 0.00 ms.
Unloading 3241 Unused Serialized files (Serialized files now loaded: 0)
System memory in use before: 149.3 MB.
System memory in use after: 145.2 MB.

Unloading 74 unused Assets to reduce memory usage. Loaded Objects now: 3818.
Total: 4.180600 ms (FindLiveObjects: 0.326600 ms CreateObjectMapping: 0.083200 ms MarkObjects: 2.203300 ms  DeleteObjects: 1.566000 ms)

========================================================================
Received Prepare
Registering precompiled user dll's ...
Registered in 0.001819 seconds.
Begin MonoManager ReloadAssembly
Native extension for WindowsStandalone target not found
Refreshing native plugins compatible for Editor in 0.56 ms, found 1 plugins.
Preloading 0 native plugins for Editor in 0.00 ms.
Mono: successfully reloaded assembly
- Completed reload, in  0.797 seconds
Platform modules already initialized, skipping
Shader 'Universal Render Pipeline/Particles/Lit': fallback shader 'Universal Render Pipeline/Particles/SimpleLit' not found
Shader 'Universal Render Pipeline/Particles/Lit': fallback shader 'Universal Render Pipeline/Particles/SimpleLit' not found
Refreshing native plugins compatible for Editor in 0.65 ms, found 1 plugins.
Preloading 0 native plugins for Editor in 0.00 ms.
Unloading 3241 Unused Serialized files (Serialized files now loaded: 0)
System memory in use before: 149.4 MB.
System memory in use after: 145.2 MB.

Unloading 74 unused Assets to reduce memory usage. Loaded Objects now: 3821.
Total: 3.969200 ms (FindLiveObjects: 0.331400 ms CreateObjectMapping: 0.083100 ms MarkObjects: 1.993800 ms  DeleteObjects: 1.559500 ms)

========================================================================
Received Prepare
Registering precompiled user dll's ...
Registered in 0.001819 seconds.
Begin MonoManager ReloadAssembly
Native extension for WindowsStandalone target not found
Refreshing native plugins compatible for Editor in 0.58 ms, found 1 plugins.
Preloading 0 native plugins for Editor in 0.00 ms.
Mono: successfully reloaded assembly
- Completed reload, in  0.798 seconds
Platform modules already initialized, skipping
Shader 'Universal Render Pipeline/Particles/Lit': fallback shader 'Universal Render Pipeline/Particles/SimpleLit' not found
Shader 'Universal Render Pipeline/Particles/Lit': fallback shader 'Universal Render Pipeline/Particles/SimpleLit' not found
Refreshing native plugins compatible for Editor in 0.61 ms, found 1 plugins.
Preloading 0 native plugins for Editor in 0.00 ms.
Unloading 3241 Unused Serialized files (Serialized files now loaded: 0)
System memory in use before: 149.4 MB.
System memory in use after: 145.2 MB.

Unloading 74 unused Assets to reduce memory usage. Loaded Objects now: 3824.
Total: 4.019700 ms (FindLiveObjects: 0.338100 ms CreateObjectMapping: 0.083300 ms MarkObjects: 2.043100 ms  DeleteObjects: 1.553600 ms)

========================================================================
Received Prepare
Registering precompiled user dll's ...
Registered in 0.001866 seconds.
Begin MonoManager ReloadAssembly
Native extension for WindowsStandalone target not found
Refreshing native plugins compatible for Editor in 0.56 ms, found 1 plugins.
Preloading 0 native plugins for Editor in 0.00 ms.
Mono: successfully reloaded assembly
- Completed reload, in  0.798 seconds
Platform modules already initialized, skipping
Shader 'Universal Render Pipeline/Particles/Lit': fallback shader 'Universal Render Pipeline/Particles/SimpleLit' not found
Shader 'Universal Render Pipeline/Particles/Lit': fallback shader 'Universal Render Pipeline/Particles/SimpleLit' not found
Refreshing native plugins compatible for Editor in 0.58 ms, found 1 plugins.
Preloading 0 native plugins for Editor in 0.00 ms.
Unloading 3241 Unused Serialized files (Serialized files now loaded: 0)
System memory in use before: 149.4 MB.
System memory in use after: 145.2 MB.

Unloading 74 unused Assets to reduce memory usage. Loaded Objects now: 3827.
Total: 4.235100 ms (FindLiveObjects: 0.327000 ms CreateObjectMapping: 0.088200 ms MarkObjects: 2.214100 ms  DeleteObjects: 1.604700 ms)

========================================================================
Received Prepare
Registering precompiled user dll's ...
Registered in 0.001821 seconds.
Begin MonoManager ReloadAssembly
Native extension for WindowsStandalone target not found
Refreshing native plugins compatible for Editor in 0.56 ms, found 1 plugins.
Preloading 0 native plugins for Editor in 0.00 ms.
Mono: successfully reloaded assembly
- Completed reload, in  0.798 seconds
Platform modules already initialized, skipping
Shader 'Universal Render Pipeline/Particles/Lit': fallback shader 'Universal Render Pipeline/Particles/SimpleLit' not found
Shader 'Universal Render Pipeline/Particles/Lit': fallback shader 'Universal Render Pipeline/Particles/SimpleLit' not found
Refreshing native plugins compatible for Editor in 0.58 ms, found 1 plugins.
Preloading 0 native plugins for Editor in 0.00 ms.
Unloading 3241 Unused Serialized files (Serialized files now loaded: 0)
System memory in use before: 149.4 MB.
System memory in use after: 145.2 MB.

Unloading 74 unused Assets to reduce memory usage. Loaded Objects now: 3830.
Total: 3.923100 ms (FindLiveObjects: 0.327800 ms CreateObjectMapping: 0.086600 ms MarkObjects: 1.862600 ms  DeleteObjects: 1.644700 ms)

========================================================================
Received Prepare
Registering precompiled user dll's ...
Registered in 0.001803 seconds.
Begin MonoManager ReloadAssembly
Native extension for WindowsStandalone target not found
Refreshing native plugins compatible for Editor in 0.55 ms, found 1 plugins.
Preloading 0 native plugins for Editor in 0.00 ms.
Mono: successfully reloaded assembly
- Completed reload, in  0.801 seconds
Platform modules already initialized, skipping
Shader 'Universal Render Pipeline/Particles/Lit': fallback shader 'Universal Render Pipeline/Particles/SimpleLit' not found
Shader 'Universal Render Pipeline/Particles/Lit': fallback shader 'Universal Render Pipeline/Particles/SimpleLit' not found
Refreshing native plugins compatible for Editor in 0.56 ms, found 1 plugins.
Preloading 0 native plugins for Editor in 0.00 ms.
Unloading 3241 Unused Serialized files (Serialized files now loaded: 0)
System memory in use before: 149.4 MB.
System memory in use after: 145.2 MB.

Unloading 74 unused Assets to reduce memory usage. Loaded Objects now: 3833.
Total: 3.735600 ms (FindLiveObjects: 0.321400 ms CreateObjectMapping: 0.089300 ms MarkObjects: 1.778200 ms  DeleteObjects: 1.545700 ms)

========================================================================
Received Prepare
Registering precompiled user dll's ...
Registered in 0.001814 seconds.
Begin MonoManager ReloadAssembly
Native extension for WindowsStandalone target not found
Refreshing native plugins compatible for Editor in 0.56 ms, found 1 plugins.
Preloading 0 native plugins for Editor in 0.00 ms.
Mono: successfully reloaded assembly
- Completed reload, in  0.813 seconds
Platform modules already initialized, skipping
Shader 'Universal Render Pipeline/Particles/Lit': fallback shader 'Universal Render Pipeline/Particles/SimpleLit' not found
Shader 'Universal Render Pipeline/Particles/Lit': fallback shader 'Universal Render Pipeline/Particles/SimpleLit' not found
Refreshing native plugins compatible for Editor in 0.55 ms, found 1 plugins.
Preloading 0 native plugins for Editor in 0.00 ms.
Unloading 3261 Unused Serialized files (Serialized files now loaded: 0)
System memory in use before: 150.0 MB.
System memory in use after: 145.9 MB.

Unloading 74 unused Assets to reduce memory usage. Loaded Objects now: 3856.
Total: 5.357200 ms (FindLiveObjects: 0.281300 ms CreateObjectMapping: 0.097300 ms MarkObjects: 3.479700 ms  DeleteObjects: 1.497900 ms)

========================================================================
Received Import Request.
  Time since last request: 693.697172 seconds.
  path: Assets/Hierarchy 2/Editor
  artifactKey: Guid(5b297258e787663469fbf5453149913e) Importer(815301076,1909f56bfc062723c751e8b465ee728b)
Start importing Assets/Hierarchy 2/Editor using Guid(5b297258e787663469fbf5453149913e) Importer(815301076,1909f56bfc062723c751e8b465ee728b)  -> (artifact id: '99306d5c1540330b534ba2a004d2992c') in 0.011423 seconds
  Import took 0.015930 seconds .

========================================================================
Received Import Request.
  Time since last request: 0.044367 seconds.
  path: Assets/Hierarchy 2/Editor/Resources.asset
  artifactKey: Guid(06295d1253ebf5245be30f68aa61bb1e) Importer(815301076,1909f56bfc062723c751e8b465ee728b)
Start importing Assets/Hierarchy 2/Editor/Resources.asset using Guid(06295d1253ebf5245be30f68aa61bb1e) Importer(815301076,1909f56bfc062723c751e8b465ee728b)  -> (artifact id: '020f3c8d38021dc7c358fffaa5fddf5e') in 0.023745 seconds
  Import took 0.028155 seconds .

========================================================================
Received Import Request.
  Time since last request: 0.000142 seconds.
  path: Assets/Hierarchy 2/Editor/Settings.asset
  artifactKey: Guid(99cc404c2f8083044818702a42a143e4) Importer(815301076,1909f56bfc062723c751e8b465ee728b)
Start importing Assets/Hierarchy 2/Editor/Settings.asset using Guid(99cc404c2f8083044818702a42a143e4) Importer(815301076,1909f56bfc062723c751e8b465ee728b)  -> (artifact id: '050db201f5f911e288cd8dc436ee90f7') in 0.005474 seconds
  Import took 0.009492 seconds .

========================================================================
Received Prepare
Registering precompiled user dll's ...
Registered in 0.001789 seconds.
Begin MonoManager ReloadAssembly
Native extension for WindowsStandalone target not found
Refreshing native plugins compatible for Editor in 0.56 ms, found 1 plugins.
Preloading 0 native plugins for Editor in 0.00 ms.
Mono: successfully reloaded assembly
- Completed reload, in  0.795 seconds
Platform modules already initialized, skipping
Shader 'Universal Render Pipeline/Particles/Lit': fallback shader 'Universal Render Pipeline/Particles/SimpleLit' not found
Shader 'Universal Render Pipeline/Particles/Lit': fallback shader 'Universal Render Pipeline/Particles/SimpleLit' not found
Refreshing native plugins compatible for Editor in 0.57 ms, found 1 plugins.
Preloading 0 native plugins for Editor in 0.00 ms.
Unloading 3241 Unused Serialized files (Serialized files now loaded: 0)
System memory in use before: 149.6 MB.
System memory in use after: 145.5 MB.

Unloading 74 unused Assets to reduce memory usage. Loaded Objects now: 3859.
Total: 3.901100 ms (FindLiveObjects: 0.280300 ms CreateObjectMapping: 0.085700 ms MarkObjects: 2.001700 ms  DeleteObjects: 1.532500 ms)

AssetImportWorkerClient::OnTransportError - code=2 error=End of file
