Using pre-set license
Built from '2020.3/staging' branch; Version is '2020.3.8f1 (507919d4fff5) revision 5273881'; Using compiler version '192528614'; Build Type 'Release'
OS: 'Windows 10 Enterprise; OS build 18363.1556; Version 1909; 64bit' Language: 'en' Physical Memory: 16334 MB
BatchMode: 1, IsHumanControllingUs: 0, StartBugReporterOnCrash: 0, Is64bit: 1, IsPro: 0

 COMMAND LINE ARGUMENTS:
D:\UnityEditor\2020.3.8f1\Editor\Unity.exe
-adb2
-batchMode
-noUpm
-name
AssetImportWorker0
-projectPath
F:/Unity Projects/JumJump
-logFile
Logs/AssetImportWorker0.log
-srvPort
54119
Successfully changed project path to: F:/Unity Projects/JumJump
F:/Unity Projects/JumJump
Using Asset Import Pipeline V2.
Refreshing native plugins compatible for Editor in 53.31 ms, found 1 plugins.
Preloading 0 native plugins for Editor in 0.00 ms.
Initialize engine version: 2020.3.8f1 (507919d4fff5)
[Subsystems] Discovering subsystems at path D:/UnityEditor/2020.3.8f1/Editor/Data/Resources/UnitySubsystems
[Subsystems] Discovering subsystems at path F:/Unity Projects/JumJump/Assets
GfxDevice: creating device client; threaded=0
Direct3D:
    Version:  Direct3D 11.0 [level 11.1]
    Renderer: NVIDIA GeForce GTX 1060 6GB (ID=0x1c03)
    Vendor:   
    VRAM:     6052 MB
    Driver:   27.21.14.6627
Shader 'Universal Render Pipeline/Particles/Lit': fallback shader 'Universal Render Pipeline/Particles/SimpleLit' not found
Initialize mono
Mono path[0] = 'D:/UnityEditor/2020.3.8f1/Editor/Data/Managed'
Mono path[1] = 'D:/UnityEditor/2020.3.8f1/Editor/Data/MonoBleedingEdge/lib/mono/unityjit'
Mono config path = 'D:/UnityEditor/2020.3.8f1/Editor/Data/MonoBleedingEdge/etc'
Using monoOptions --debugger-agent=transport=dt_socket,embedding=1,server=y,suspend=n,address=127.0.0.1:56552
Begin MonoManager ReloadAssembly
Registering precompiled unity dll's ...
Register platform support module: D:/UnityEditor/2020.3.8f1/Editor/Data/PlaybackEngines/WindowsStandaloneSupport/UnityEditor.WindowsStandalone.Extensions.dll
Registered in 0.001171 seconds.
Native extension for WindowsStandalone target not found
Refreshing native plugins compatible for Editor in 55.12 ms, found 1 plugins.
Preloading 0 native plugins for Editor in 0.00 ms.
Mono: successfully reloaded assembly
- Completed reload, in  1.790 seconds
Platform modules already initialized, skipping
Registering precompiled user dll's ...
Registered in 0.001933 seconds.
Begin MonoManager ReloadAssembly
Native extension for WindowsStandalone target not found
Refreshing native plugins compatible for Editor in 56.86 ms, found 1 plugins.
Preloading 0 native plugins for Editor in 0.00 ms.
Mono: successfully reloaded assembly
- Completed reload, in  0.952 seconds
Platform modules already initialized, skipping
========================================================================
Worker process is ready to serve import requests
Shader 'Universal Render Pipeline/Particles/Lit': fallback shader 'Universal Render Pipeline/Particles/SimpleLit' not found
Launched and connected shader compiler UnityShaderCompiler.exe after 0.04 seconds
Refreshing native plugins compatible for Editor in 0.60 ms, found 1 plugins.
Preloading 0 native plugins for Editor in 0.00 ms.
Unloading 3326 Unused Serialized files (Serialized files now loaded: 0)
System memory in use before: 150.1 MB.
System memory in use after: 150.3 MB.

Unloading 27 unused Assets to reduce memory usage. Loaded Objects now: 3768.
Total: 2.733200 ms (FindLiveObjects: 0.345900 ms CreateObjectMapping: 0.086800 ms MarkObjects: 2.216500 ms  DeleteObjects: 0.082600 ms)

========================================================================
Received Import Request.
  path: Assets/Scripts/Launcher.cs
  artifactKey: Guid(b18426c3bf122de49b502707b3ce6c1d) Importer(815301076,1909f56bfc062723c751e8b465ee728b)
Start importing Assets/Scripts/Launcher.cs using Guid(b18426c3bf122de49b502707b3ce6c1d) Importer(815301076,1909f56bfc062723c751e8b465ee728b)  -> (artifact id: '9bd22d3a657b8cc7f218a5984d37eda6') in 0.034387 seconds
  Import took 0.039891 seconds .

========================================================================
Received Import Request.
  Time since last request: 0.000180 seconds.
  path: Assets/Scripts/GameManager.cs
  artifactKey: Guid(4c9fb9976cd781f429484bc2442ef075) Importer(815301076,1909f56bfc062723c751e8b465ee728b)
Start importing Assets/Scripts/GameManager.cs using Guid(4c9fb9976cd781f429484bc2442ef075) Importer(815301076,1909f56bfc062723c751e8b465ee728b)  -> (artifact id: 'bf76ee4f75be5aa790f72156ed5a473c') in 0.004927 seconds
  Import took 0.009717 seconds .

========================================================================
Received Import Request.
  Time since last request: 191.930741 seconds.
  path: Assets/Scripts/PowerUp.cs
  artifactKey: Guid(e6b6397de4ba5f949bfd5ba8687da042) Importer(815301076,1909f56bfc062723c751e8b465ee728b)
Start importing Assets/Scripts/PowerUp.cs using Guid(e6b6397de4ba5f949bfd5ba8687da042) Importer(815301076,1909f56bfc062723c751e8b465ee728b)  -> (artifact id: 'a4afa0bebd9d912a629e8cddb4533952') in 0.006498 seconds
  Import took 0.012407 seconds .

AssetImportWorkerClient::OnTransportError - code=2 error=End of file
